<?xml version="1.0" encoding="UTF-8"?>
<!-- Generated by org.testng.reporters.JUnitReportReporter -->
<testsuite skipped="0" hostname="DESKTOP-0GJ2NJS" name="mypack.TestDataProvider2" tests="16" failures="0" timestamp="2020-08-22T21:11:17 IST" time="0.031" errors="0">
  <testcase name="sum" time="0.000" classname="mypack.TestDataProvider2"/>
  <system-out/>
  <testcase name="sum" time="0.009" classname="mypack.TestDataProvider2"/>
  <system-out/>
  <testcase name="subtract" time="0.002" classname="mypack.TestDataProvider2"/>
  <system-out/>
  <testcase name="sum" time="0.001" classname="mypack.TestDataProvider2"/>
  <system-out/>
  <testcase name="subtract" time="0.000" classname="mypack.TestDataProvider2"/>
  <system-out/>
  <testcase name="sum" time="0.001" classname="mypack.TestDataProvider2"/>
  <system-out/>
  <testcase name="subtract" time="0.002" classname="mypack.TestDataProvider2"/>
  <system-out/>
  <testcase name="sum" time="0.002" classname="mypack.TestDataProvider2"/>
  <system-out/>
  <testcase name="subtract" time="0.001" classname="mypack.TestDataProvider2"/>
  <system-out/>
  <testcase name="sum" time="0.002" classname="mypack.TestDataProvider2"/>
  <system-out/>
  <testcase name="subtract" time="0.002" classname="mypack.TestDataProvider2"/>
  <system-out/>
  <testcase name="sum" time="0.001" classname="mypack.TestDataProvider2"/>
  <system-out/>
  <testcase name="subtract" time="0.002" classname="mypack.TestDataProvider2"/>
  <system-out/>
  <testcase name="subtract" time="0.002" classname="mypack.TestDataProvider2"/>
  <system-out/>
  <testcase name="subtract" time="0.001" classname="mypack.TestDataProvider2"/>
  <system-out/>
  <testcase name="sum" time="0.003" classname="mypack.TestDataProvider2"/>
  <system-out/>
</testsuite> <!-- mypack.TestDataProvider2 -->
