<?xml version="1.0" encoding="UTF-8"?>
<!-- Generated by org.testng.reporters.JUnitReportReporter -->
<testsuite skipped="0" hostname="DESKTOP-0GJ2NJS" name="mypack.TestDataFromParametersSuiteFile" tests="4" failures="0" timestamp="2020-08-22T21:34:46 IST" time="0.011" errors="0">
  <testcase name="sum" time="0.008" classname="mypack.TestDataFromParametersSuiteFile"/>
  <system-out/>
  <testcase name="sum" time="0.000" classname="mypack.TestDataFromParametersSuiteFile"/>
  <system-out/>
  <testcase name="subtract" time="0.002" classname="mypack.TestDataFromParametersSuiteFile"/>
  <system-out/>
  <testcase name="subtract" time="0.001" classname="mypack.TestDataFromParametersSuiteFile"/>
  <system-out/>
</testsuite> <!-- mypack.TestDataFromParametersSuiteFile -->
