<?xml version="1.0" encoding="UTF-8"?>
<!-- Generated by org.testng.reporters.JUnitReportReporter -->
<testsuite skipped="0" hostname="DESKTOP-0GJ2NJS" name="mypack.TestPriority" tests="5" failures="0" timestamp="2020-08-29T18:25:37 IST" time="0.041" errors="0">
  <testcase name="method3" time="0.016" classname="mypack.TestPriority"/>
  <system-out/>
  <testcase name="method5" time="0.007" classname="mypack.TestPriority"/>
  <system-out/>
  <testcase name="method4" time="0.002" classname="mypack.TestPriority"/>
  <system-out/>
  <testcase name="method1" time="0.003" classname="mypack.TestPriority"/>
  <system-out/>
  <testcase name="method2" time="0.013" classname="mypack.TestPriority"/>
  <system-out/>
</testsuite> <!-- mypack.TestPriority -->
