<?xml version="1.0" encoding="UTF-8"?>
<!-- Generated by org.testng.reporters.JUnitReportReporter -->
<testsuite skipped="0" hostname="DESKTOP-0GJ2NJS" name="mypack.TestDataProvider3" tests="7" failures="0" timestamp="2020-08-22T21:05:51 IST" time="0.022" errors="0">
  <testcase name="sum" time="0.001" classname="mypack.TestDataProvider3"/>
  <system-out/>
  <testcase name="sum" time="0.002" classname="mypack.TestDataProvider3"/>
  <system-out/>
  <testcase name="sum" time="0.001" classname="mypack.TestDataProvider3"/>
  <system-out/>
  <testcase name="sum" time="0.001" classname="mypack.TestDataProvider3"/>
  <system-out/>
  <testcase name="sum" time="0.002" classname="mypack.TestDataProvider3"/>
  <system-out/>
  <testcase name="sum" time="0.006" classname="mypack.TestDataProvider3"/>
  <system-out/>
  <testcase name="sum" time="0.009" classname="mypack.TestDataProvider3"/>
  <system-out/>
</testsuite> <!-- mypack.TestDataProvider3 -->
