<?xml version="1.0" encoding="UTF-8"?>
<!-- Generated by org.testng.reporters.JUnitReportReporter -->
<testsuite skipped="1" hostname="DESKTOP-0GJ2NJS" name="mypack.Test1" tests="4" failures="0" timestamp="2020-08-29T15:54:04 IST" time="0.010" errors="0">
  <testcase name="method1" time="0.010" classname="mypack.Test1"/>
  <system-out/>
  <testcase name="method2" time="0.000" classname="mypack.Test1"/>
  <system-out/>
  <testcase name="method3" time="0.000" classname="mypack.Test1"/>
  <system-out/>
  <testcase name="method4" classname="mypack.Test1">
    <skipped/>
  </testcase> <!-- method4 -->
  <system-out/>
</testsuite> <!-- mypack.Test1 -->
