<?xml version="1.0" encoding="UTF-8"?>
<!-- Generated by org.testng.reporters.JUnitReportReporter -->
<testsuite skipped="0" hostname="DESKTOP-0GJ2NJS" name="mypack.TestDataProvider1" tests="12" failures="0" timestamp="2020-08-29T16:37:28 IST" time="0.041" errors="0">
  <testcase name="sum" time="0.004" classname="mypack.TestDataProvider1"/>
  <system-out/>
  <testcase name="subtract" time="0.001" classname="mypack.TestDataProvider1"/>
  <system-out/>
  <testcase name="multiply" time="0.014" classname="mypack.TestDataProvider1"/>
  <system-out/>
  <testcase name="sum" time="0.001" classname="mypack.TestDataProvider1"/>
  <system-out/>
  <testcase name="multiply" time="0.000" classname="mypack.TestDataProvider1"/>
  <system-out/>
  <testcase name="multiply" time="0.012" classname="mypack.TestDataProvider1"/>
  <system-out/>
  <testcase name="subtract" time="0.002" classname="mypack.TestDataProvider1"/>
  <system-out/>
  <testcase name="subtract" time="0.002" classname="mypack.TestDataProvider1"/>
  <system-out/>
  <testcase name="sum" time="0.002" classname="mypack.TestDataProvider1"/>
  <system-out/>
  <testcase name="sum" time="0.002" classname="mypack.TestDataProvider1"/>
  <system-out/>
  <testcase name="multiply" time="0.001" classname="mypack.TestDataProvider1"/>
  <system-out/>
  <testcase name="subtract" time="0.000" classname="mypack.TestDataProvider1"/>
  <system-out/>
</testsuite> <!-- mypack.TestDataProvider1 -->
